<?xml version="1.0" encoding="UTF-8"?>
<robot generator="Robot 6.0.1 (Python 3.11.0 on darwin)" generated="20230102 19:10:39.510" rpa="false" schemaversion="3">
<suite id="s1" name="Rahuls Test" source="/Users/laurikyttala/coding/Udemy_Rahul_Arora_RF/Section5/rahuls_test.robot">
<test id="s1-t1" name="Registration form test" line="11">
<kw name="Filling Registration form" library="commons">
<kw name="lauching browser" library="commons">
<arg>https://www.way2automation.com/way2auto_jquery/index.php</arg>
<arg>chrome</arg>
<kw name="Open Browser" library="SeleniumLibrary">
<arg>${url}</arg>
<arg>${browserName}</arg>
<doc>Opens a new browser instance to the optional ``url``.</doc>
<msg timestamp="20230102 19:10:39.604" level="INFO">Opening browser 'chrome' to base url 'https://www.way2automation.com/way2auto_jquery/index.php'.</msg>
<status status="PASS" starttime="20230102 19:10:39.604" endtime="20230102 19:10:44.049"/>
</kw>
<kw name="Set Selenium Implicit Wait" library="SeleniumLibrary">
<arg>10 seconds</arg>
<doc>Sets the implicit wait value used by Selenium.</doc>
<status status="PASS" starttime="20230102 19:10:44.049" endtime="20230102 19:10:44.050"/>
</kw>
<kw name="Log Title" library="SeleniumLibrary">
<doc>Logs and returns the title of the current page.</doc>
<msg timestamp="20230102 19:10:44.054" level="INFO">Welcome to the Test Site</msg>
<status status="PASS" starttime="20230102 19:10:44.050" endtime="20230102 19:10:44.054"/>
</kw>
<status status="PASS" starttime="20230102 19:10:39.604" endtime="20230102 19:10:44.054"/>
</kw>
<kw name="Maximize Browser Window" library="SeleniumLibrary">
<doc>Maximizes current browser window.</doc>
<status status="PASS" starttime="20230102 19:10:44.054" endtime="20230102 19:10:44.466"/>
</kw>
<kw name="Input Text" library="SeleniumLibrary">
<arg>${name}</arg>
<arg>Lauri</arg>
<doc>Types the given ``text`` into the text field identified by ``locator``.</doc>
<msg timestamp="20230102 19:10:44.467" level="INFO">Typing text 'Lauri' into text field 'name:name'.</msg>
<status status="PASS" starttime="20230102 19:10:44.466" endtime="20230102 19:10:44.580"/>
</kw>
<kw name="Input Text" library="SeleniumLibrary">
<arg>${phone}</arg>
<arg>0500-2323211</arg>
<doc>Types the given ``text`` into the text field identified by ``locator``.</doc>
<msg timestamp="20230102 19:10:44.581" level="INFO">Typing text '0500-2323211' into text field 'name:phone'.</msg>
<status status="PASS" starttime="20230102 19:10:44.580" endtime="20230102 19:10:44.621"/>
</kw>
<kw name="Evaluate" library="BuiltIn">
<var>${random}</var>
<arg>random.randint(5000,999999)</arg>
<doc>Evaluates the given expression in Python and returns the result.</doc>
<msg timestamp="20230102 19:10:44.621" level="INFO">${random} = 211017</msg>
<status status="PASS" starttime="20230102 19:10:44.621" endtime="20230102 19:10:44.621"/>
</kw>
<kw name="Catenate" library="BuiltIn">
<var>${emailnew}</var>
<arg>${random}</arg>
<arg>_2_@way2automation.com</arg>
<doc>Catenates the given items together and returns the resulted string.</doc>
<msg timestamp="20230102 19:10:44.621" level="INFO">${emailnew} = 211017 _2_@way2automation.com</msg>
<status status="PASS" starttime="20230102 19:10:44.621" endtime="20230102 19:10:44.621"/>
</kw>
<kw name="Evaluate" library="BuiltIn">
<var>${email_id}</var>
<arg>'${emailnew}'.replace(' ','_')</arg>
<doc>Evaluates the given expression in Python and returns the result.</doc>
<msg timestamp="20230102 19:10:44.621" level="INFO">${email_id} = 211017__2_@way2automation.com</msg>
<status status="PASS" starttime="20230102 19:10:44.621" endtime="20230102 19:10:44.621"/>
</kw>
<kw name="Input Text" library="SeleniumLibrary">
<arg>${email}</arg>
<arg>${email_id}</arg>
<doc>Types the given ``text`` into the text field identified by ``locator``.</doc>
<msg timestamp="20230102 19:10:44.622" level="INFO">Typing text '211017__2_@way2automation.com' into text field 'name:email'.</msg>
<status status="PASS" starttime="20230102 19:10:44.622" endtime="20230102 19:10:44.661"/>
</kw>
<kw name="Select From List By Label" library="SeleniumLibrary">
<arg>${country}</arg>
<arg>Iceland</arg>
<doc>Selects options from selection list ``locator`` by ``labels``.</doc>
<msg timestamp="20230102 19:10:44.661" level="INFO">Selecting options from selection list 'name:country' by label Iceland.</msg>
<status status="PASS" starttime="20230102 19:10:44.661" endtime="20230102 19:10:44.691"/>
</kw>
<kw name="Input Text" library="SeleniumLibrary">
<arg>${city}</arg>
<arg>Delhi</arg>
<doc>Types the given ``text`` into the text field identified by ``locator``.</doc>
<msg timestamp="20230102 19:10:44.692" level="INFO">Typing text 'Delhi' into text field 'name:city'.</msg>
<status status="PASS" starttime="20230102 19:10:44.691" endtime="20230102 19:10:44.724"/>
</kw>
<kw name="Input Text" library="SeleniumLibrary">
<arg>${username}</arg>
<arg>lasseboy</arg>
<doc>Types the given ``text`` into the text field identified by ``locator``.</doc>
<msg timestamp="20230102 19:10:44.724" level="INFO">Typing text 'lasseboy' into text field 'xpath://*[@id='load_form']/fieldset[6]/input'.</msg>
<status status="PASS" starttime="20230102 19:10:44.724" endtime="20230102 19:10:44.758"/>
</kw>
<kw name="Input Text" library="SeleniumLibrary">
<arg>${password}</arg>
<arg>password1234</arg>
<doc>Types the given ``text`` into the text field identified by ``locator``.</doc>
<msg timestamp="20230102 19:10:44.758" level="INFO">Typing text 'password1234' into text field 'xpath://*[@id='load_form']/fieldset[7]/input'.</msg>
<status status="PASS" starttime="20230102 19:10:44.758" endtime="20230102 19:10:44.794"/>
</kw>
<kw name="Click Button" library="SeleniumLibrary">
<arg>${submitBtn}</arg>
<doc>Clicks the button identified by ``locator``.</doc>
<msg timestamp="20230102 19:10:44.794" level="INFO">Clicking button 'xpath:(//*[@id='load_form']/div[1]/div[2]/input)[2]'.</msg>
<status status="PASS" starttime="20230102 19:10:44.794" endtime="20230102 19:10:44.823"/>
</kw>
<status status="PASS" starttime="20230102 19:10:39.604" endtime="20230102 19:10:44.823"/>
</kw>
<kw name="Click Link" library="SeleniumLibrary">
<arg>link:ENTER TO THE TESTING WEBSITE</arg>
<doc>Clicks a link identified by ``locator``.</doc>
<msg timestamp="20230102 19:10:44.824" level="INFO">Clicking link 'link:ENTER TO THE TESTING WEBSITE'.</msg>
<status status="PASS" starttime="20230102 19:10:44.823" endtime="20230102 19:10:45.761"/>
</kw>
<kw name="Click Element" library="SeleniumLibrary">
<arg>xpath://*[@id="wrapper"]/div/div/div[5]/ul/li/a/figure</arg>
<doc>Click the element identified by ``locator``.</doc>
<msg timestamp="20230102 19:10:45.761" level="INFO">Clicking element 'xpath://*[@id="wrapper"]/div/div/div[5]/ul/li/a/figure'.</msg>
<status status="PASS" starttime="20230102 19:10:45.761" endtime="20230102 19:10:45.816"/>
</kw>
<kw name="Get Window Handles" library="SeleniumLibrary">
<var>@{windowHandles}</var>
<doc>Returns all child window handles of the selected browser as a list.</doc>
<msg timestamp="20230102 19:10:45.822" level="INFO">@{windowHandles} = [ CDwindow-2D15BDC28E5C69DF24B7641F8C6E5F8A | CDwindow-4C8FDFC58B69B8C24A519322C17936AE ]</msg>
<status status="PASS" starttime="20230102 19:10:45.816" endtime="20230102 19:10:45.822"/>
</kw>
<kw name="Log To Console" library="BuiltIn">
<arg>${windowHandles}</arg>
<doc>Logs the given message to the console.</doc>
<status status="PASS" starttime="20230102 19:10:45.822" endtime="20230102 19:10:45.822"/>
</kw>
<kw name="Switch Window" library="SeleniumLibrary">
<arg>${windowHandles}[1]</arg>
<doc>Switches to browser window matching ``locator``.</doc>
<status status="PASS" starttime="20230102 19:10:45.822" endtime="20230102 19:10:45.843"/>
</kw>
<kw name="Input Text" library="SeleniumLibrary">
<arg>name:name</arg>
<arg>Rahul</arg>
<doc>Types the given ``text`` into the text field identified by ``locator``.</doc>
<msg timestamp="20230102 19:10:45.844" level="INFO">Typing text 'Rahul' into text field 'name:name'.</msg>
<status status="PASS" starttime="20230102 19:10:45.843" endtime="20230102 19:10:46.517"/>
</kw>
<kw name="Input Text" library="SeleniumLibrary">
<arg>xpath://*[@id="register_form"]/fieldset[1]/p[2]/input</arg>
<arg>Arora</arg>
<doc>Types the given ``text`` into the text field identified by ``locator``.</doc>
<msg timestamp="20230102 19:10:46.517" level="INFO">Typing text 'Arora' into text field 'xpath://*[@id="register_form"]/fieldset[1]/p[2]/input'.</msg>
<status status="PASS" starttime="20230102 19:10:46.517" endtime="20230102 19:10:46.552"/>
</kw>
<kw name="Click Element" library="SeleniumLibrary">
<arg>xpath://*[@id="register_form"]/fieldset[2]/div/label[2]/input</arg>
<doc>Click the element identified by ``locator``.</doc>
<msg timestamp="20230102 19:10:46.552" level="INFO">Clicking element 'xpath://*[@id="register_form"]/fieldset[2]/div/label[2]/input'.</msg>
<status status="PASS" starttime="20230102 19:10:46.552" endtime="20230102 19:10:46.573"/>
</kw>
<kw name="Select Checkbox" library="SeleniumLibrary">
<arg>name:hobby</arg>
<doc>Selects the checkbox identified by ``locator``.</doc>
<msg timestamp="20230102 19:10:46.573" level="INFO">Selecting checkbox 'name:hobby'.</msg>
<status status="PASS" starttime="20230102 19:10:46.573" endtime="20230102 19:10:46.615"/>
</kw>
<kw name="Select From List By Label" library="SeleniumLibrary">
<arg>xpath://*[@id="register_form"]/fieldset[4]/select</arg>
<arg>India</arg>
<doc>Selects options from selection list ``locator`` by ``labels``.</doc>
<msg timestamp="20230102 19:10:46.615" level="INFO">Selecting options from selection list 'xpath://*[@id="register_form"]/fieldset[4]/select' by label India.</msg>
<status status="PASS" starttime="20230102 19:10:46.615" endtime="20230102 19:10:46.632"/>
</kw>
<kw name="Select From List By Label" library="SeleniumLibrary">
<arg>xpath://*[@id="register_form"]/fieldset[5]/div[1]/select</arg>
<arg>1</arg>
<doc>Selects options from selection list ``locator`` by ``labels``.</doc>
<msg timestamp="20230102 19:10:46.632" level="INFO">Selecting options from selection list 'xpath://*[@id="register_form"]/fieldset[5]/div[1]/select' by label 1.</msg>
<status status="PASS" starttime="20230102 19:10:46.632" endtime="20230102 19:10:46.660"/>
</kw>
<kw name="Select From List By Label" library="SeleniumLibrary">
<arg>xpath://*[@id="register_form"]/fieldset[5]/div[2]/select</arg>
<arg>1</arg>
<doc>Selects options from selection list ``locator`` by ``labels``.</doc>
<msg timestamp="20230102 19:10:46.660" level="INFO">Selecting options from selection list 'xpath://*[@id="register_form"]/fieldset[5]/div[2]/select' by label 1.</msg>
<status status="PASS" starttime="20230102 19:10:46.660" endtime="20230102 19:10:46.690"/>
</kw>
<kw name="Select From List By Label" library="SeleniumLibrary">
<arg>xpath://*[@id="register_form"]/fieldset[5]/div[3]/select</arg>
<arg>2014</arg>
<doc>Selects options from selection list ``locator`` by ``labels``.</doc>
<msg timestamp="20230102 19:10:46.690" level="INFO">Selecting options from selection list 'xpath://*[@id="register_form"]/fieldset[5]/div[3]/select' by label 2014.</msg>
<status status="PASS" starttime="20230102 19:10:46.690" endtime="20230102 19:10:46.718"/>
</kw>
<kw name="Input Text" library="SeleniumLibrary">
<arg>name:phone</arg>
<arg>1213123213</arg>
<doc>Types the given ``text`` into the text field identified by ``locator``.</doc>
<msg timestamp="20230102 19:10:46.718" level="INFO">Typing text '1213123213' into text field 'name:phone'.</msg>
<status status="PASS" starttime="20230102 19:10:46.718" endtime="20230102 19:10:46.753"/>
</kw>
<kw name="Input Text" library="SeleniumLibrary">
<arg>name:username</arg>
<arg>adminuser</arg>
<doc>Types the given ``text`` into the text field identified by ``locator``.</doc>
<msg timestamp="20230102 19:10:46.753" level="INFO">Typing text 'adminuser' into text field 'name:username'.</msg>
<status status="PASS" starttime="20230102 19:10:46.753" endtime="20230102 19:10:46.787"/>
</kw>
<kw name="Input Text" library="SeleniumLibrary">
<arg>name:email</arg>
<arg>trainer@way2automation.com</arg>
<doc>Types the given ``text`` into the text field identified by ``locator``.</doc>
<msg timestamp="20230102 19:10:46.787" level="INFO">Typing text 'trainer@way2automation.com' into text field 'name:email'.</msg>
<status status="PASS" starttime="20230102 19:10:46.787" endtime="20230102 19:10:46.823"/>
</kw>
<kw name="Choose File" library="SeleniumLibrary">
<arg>xpath://*[@id="register_form"]/fieldset[9]/input</arg>
<arg>//Users//laurikyttala//Documents//image01.png</arg>
<doc>Inputs the ``file_path`` into the file input field ``locator``.</doc>
<msg timestamp="20230102 19:10:46.823" level="INFO">Sending //Users/laurikyttala/Documents/image01.png to browser.</msg>
<status status="PASS" starttime="20230102 19:10:46.823" endtime="20230102 19:10:46.845"/>
</kw>
<status status="PASS" starttime="20230102 19:10:39.603" endtime="20230102 19:10:46.845"/>
</test>
<status status="PASS" starttime="20230102 19:10:39.511" endtime="20230102 19:10:46.846"/>
</suite>
<statistics>
<total>
<stat pass="1" fail="0" skip="0">All Tests</stat>
</total>
<tag>
</tag>
<suite>
<stat pass="1" fail="0" skip="0" id="s1" name="Rahuls Test">Rahuls Test</stat>
</suite>
</statistics>
<errors>
</errors>
</robot>
