<?xml version="1.0" encoding="UTF-8"?>
<robot generator="Robot 6.0.1 (Python 3.11.0 on darwin)" generated="20221231 18:05:04.086" rpa="false" schemaversion="3">
<suite id="s1" name="Registration Test" source="/Users/laurikyttala/coding/Udemy_Rahul_Arora_RF/Section3/registration_test.robot">
<test id="s1-t1" name="Registration form test" line="14">
<kw name="Filling Registration form" library="commons">
<kw name="lauching browser" library="commons">
<arg>https://www.way2automation.com/way2auto_jquery/index.php</arg>
<arg>chrome</arg>
<kw name="Open Browser" library="SeleniumLibrary">
<arg>${url}</arg>
<arg>${browserName}</arg>
<doc>Opens a new browser instance to the optional ``url``.</doc>
<msg timestamp="20221231 18:05:04.184" level="INFO">Opening browser 'chrome' to base url 'https://www.way2automation.com/way2auto_jquery/index.php'.</msg>
<status status="PASS" starttime="20221231 18:05:04.184" endtime="20221231 18:05:08.469"/>
</kw>
<kw name="Set Selenium Implicit Wait" library="SeleniumLibrary">
<arg>10 seconds</arg>
<doc>Sets the implicit wait value used by Selenium.</doc>
<status status="PASS" starttime="20221231 18:05:08.470" endtime="20221231 18:05:08.471"/>
</kw>
<kw name="Log Title" library="SeleniumLibrary">
<doc>Logs and returns the title of the current page.</doc>
<msg timestamp="20221231 18:05:08.475" level="INFO">Welcome to the Test Site</msg>
<status status="PASS" starttime="20221231 18:05:08.471" endtime="20221231 18:05:08.475"/>
</kw>
<status status="PASS" starttime="20221231 18:05:04.183" endtime="20221231 18:05:08.475"/>
</kw>
<kw name="Input Text" library="SeleniumLibrary">
<arg>${name}</arg>
<arg>Lauri</arg>
<doc>Types the given ``text`` into the text field identified by ``locator``.</doc>
<msg timestamp="20221231 18:05:08.476" level="INFO">Typing text 'Lauri' into text field 'name:name'.</msg>
<status status="PASS" starttime="20221231 18:05:08.475" endtime="20221231 18:05:08.595"/>
</kw>
<kw name="Input Text" library="SeleniumLibrary">
<arg>${phone}</arg>
<arg>0500-2323211</arg>
<doc>Types the given ``text`` into the text field identified by ``locator``.</doc>
<msg timestamp="20221231 18:05:08.595" level="INFO">Typing text '0500-2323211' into text field 'name:phone'.</msg>
<status status="PASS" starttime="20221231 18:05:08.595" endtime="20221231 18:05:08.632"/>
</kw>
<kw name="Evaluate" library="BuiltIn">
<var>${random}</var>
<arg>random.randint(5000,999999)</arg>
<doc>Evaluates the given expression in Python and returns the result.</doc>
<msg timestamp="20221231 18:05:08.632" level="INFO">${random} = 613887</msg>
<status status="PASS" starttime="20221231 18:05:08.632" endtime="20221231 18:05:08.632"/>
</kw>
<kw name="Catenate" library="BuiltIn">
<var>${emailnew}</var>
<arg>${random}</arg>
<arg>_2_@way2automation.com</arg>
<doc>Catenates the given items together and returns the resulted string.</doc>
<msg timestamp="20221231 18:05:08.632" level="INFO">${emailnew} = 613887 _2_@way2automation.com</msg>
<status status="PASS" starttime="20221231 18:05:08.632" endtime="20221231 18:05:08.632"/>
</kw>
<kw name="Evaluate" library="BuiltIn">
<var>${email_id}</var>
<arg>'${emailnew}'.replace(' ','_')</arg>
<doc>Evaluates the given expression in Python and returns the result.</doc>
<msg timestamp="20221231 18:05:08.632" level="INFO">${email_id} = 613887__2_@way2automation.com</msg>
<status status="PASS" starttime="20221231 18:05:08.632" endtime="20221231 18:05:08.632"/>
</kw>
<kw name="Input Text" library="SeleniumLibrary">
<arg>${email}</arg>
<arg>${email_id}</arg>
<doc>Types the given ``text`` into the text field identified by ``locator``.</doc>
<msg timestamp="20221231 18:05:08.633" level="INFO">Typing text '613887__2_@way2automation.com' into text field 'name:email'.</msg>
<status status="PASS" starttime="20221231 18:05:08.632" endtime="20221231 18:05:08.672"/>
</kw>
<kw name="Select From List By Label" library="SeleniumLibrary">
<arg>${country}</arg>
<arg>Iceland</arg>
<doc>Selects options from selection list ``locator`` by ``labels``.</doc>
<msg timestamp="20221231 18:05:08.672" level="INFO">Selecting options from selection list 'name:country' by label Iceland.</msg>
<status status="PASS" starttime="20221231 18:05:08.672" endtime="20221231 18:05:08.703"/>
</kw>
<kw name="Input Text" library="SeleniumLibrary">
<arg>${city}</arg>
<arg>Delhi</arg>
<doc>Types the given ``text`` into the text field identified by ``locator``.</doc>
<msg timestamp="20221231 18:05:08.704" level="INFO">Typing text 'Delhi' into text field 'name:city'.</msg>
<status status="PASS" starttime="20221231 18:05:08.703" endtime="20221231 18:05:08.739"/>
</kw>
<kw name="Input Text" library="SeleniumLibrary">
<arg>${username}</arg>
<arg>lasseboy</arg>
<doc>Types the given ``text`` into the text field identified by ``locator``.</doc>
<msg timestamp="20221231 18:05:08.739" level="INFO">Typing text 'lasseboy' into text field 'xpath://*[@id='load_form']/fieldset[6]/input'.</msg>
<status status="PASS" starttime="20221231 18:05:08.739" endtime="20221231 18:05:08.777"/>
</kw>
<kw name="Input Text" library="SeleniumLibrary">
<arg>${password}</arg>
<arg>password1234</arg>
<doc>Types the given ``text`` into the text field identified by ``locator``.</doc>
<msg timestamp="20221231 18:05:08.777" level="INFO">Typing text 'password1234' into text field 'xpath://*[@id='load_form']/fieldset[7]/input'.</msg>
<status status="PASS" starttime="20221231 18:05:08.777" endtime="20221231 18:05:08.813"/>
</kw>
<kw name="Click Button" library="SeleniumLibrary">
<arg>${submitBtn}</arg>
<doc>Clicks the button identified by ``locator``.</doc>
<msg timestamp="20221231 18:05:08.813" level="INFO">Clicking button 'xpath:(//*[@id='load_form']/div[1]/div[2]/input)[2]'.</msg>
<status status="PASS" starttime="20221231 18:05:08.813" endtime="20221231 18:05:08.842"/>
</kw>
<status status="PASS" starttime="20221231 18:05:04.183" endtime="20221231 18:05:08.842"/>
</kw>
<kw name="Finish Test Case" library="commons">
<kw name="Log" library="BuiltIn">
<arg>Ending the test case</arg>
<doc>Logs the given message with the given level.</doc>
<msg timestamp="20221231 18:05:08.843" level="INFO">Ending the test case</msg>
<status status="PASS" starttime="20221231 18:05:08.843" endtime="20221231 18:05:08.843"/>
</kw>
<kw name="Close Browser" library="SeleniumLibrary">
<doc>Closes the current browser.</doc>
<status status="PASS" starttime="20221231 18:05:08.843" endtime="20221231 18:05:08.939"/>
</kw>
<status status="PASS" starttime="20221231 18:05:08.843" endtime="20221231 18:05:08.939"/>
</kw>
<status status="PASS" starttime="20221231 18:05:04.183" endtime="20221231 18:05:08.939"/>
</test>
<status status="PASS" starttime="20221231 18:05:04.087" endtime="20221231 18:05:08.939"/>
</suite>
<statistics>
<total>
<stat pass="1" fail="0" skip="0">All Tests</stat>
</total>
<tag>
</tag>
<suite>
<stat pass="1" fail="0" skip="0" id="s1" name="Registration Test">Registration Test</stat>
</suite>
</statistics>
<errors>
</errors>
</robot>
