<?xml version="1.0" encoding="UTF-8"?>
<robot generator="Robot 6.0.1 (Python 3.11.0 on darwin)" generated="20221220 17:34:55.953" rpa="false" schemaversion="3">
<suite id="s1" name="Registration Test A" source="/Users/laurikyttala/coding/Udemy_Rahul_Arora_RF/Section3/registration_test_a.robot">
<test id="s1-t1" name="Filling Registration Form" line="12">
<kw name="lauching browser" library="commons">
<arg>https://www.way2automation.com/way2auto_jquery/index.php</arg>
<arg>chrome</arg>
<kw name="Open Browser" library="SeleniumLibrary">
<arg>${url}</arg>
<arg>${browserName}</arg>
<doc>Opens a new browser instance to the optional ``url``.</doc>
<msg timestamp="20221220 17:34:56.049" level="INFO">Opening browser 'chrome' to base url 'https://www.way2automation.com/way2auto_jquery/index.php'.</msg>
<status status="PASS" starttime="20221220 17:34:56.049" endtime="20221220 17:35:00.447"/>
</kw>
<kw name="Set Selenium Implicit Wait" library="SeleniumLibrary">
<arg>10 seconds</arg>
<doc>Sets the implicit wait value used by Selenium.</doc>
<status status="PASS" starttime="20221220 17:35:00.448" endtime="20221220 17:35:00.448"/>
</kw>
<kw name="Log Title" library="SeleniumLibrary">
<doc>Logs and returns the title of the current page.</doc>
<msg timestamp="20221220 17:35:00.451" level="INFO">Welcome to the Test Site</msg>
<status status="PASS" starttime="20221220 17:35:00.448" endtime="20221220 17:35:00.451"/>
</kw>
<status status="PASS" starttime="20221220 17:34:56.049" endtime="20221220 17:35:00.451"/>
</kw>
<kw name="Input Text" library="SeleniumLibrary">
<arg>name:name</arg>
<arg>Lauri</arg>
<doc>Types the given ``text`` into the text field identified by ``locator``.</doc>
<msg timestamp="20221220 17:35:00.452" level="INFO">Typing text 'Lauri' into text field 'name:name'.</msg>
<status status="PASS" starttime="20221220 17:35:00.451" endtime="20221220 17:35:00.564"/>
</kw>
<kw name="Input Text" library="SeleniumLibrary">
<arg>name:phone</arg>
<arg>0500-2323211</arg>
<doc>Types the given ``text`` into the text field identified by ``locator``.</doc>
<msg timestamp="20221220 17:35:00.565" level="INFO">Typing text '0500-2323211' into text field 'name:phone'.</msg>
<status status="PASS" starttime="20221220 17:35:00.564" endtime="20221220 17:35:00.640"/>
</kw>
<kw name="Input Text" library="SeleniumLibrary">
<arg>name:email</arg>
<arg>trainer@way2automation.com</arg>
<doc>Types the given ``text`` into the text field identified by ``locator``.</doc>
<msg timestamp="20221220 17:35:00.641" level="INFO">Typing text 'trainer@way2automation.com' into text field 'name:email'.</msg>
<status status="PASS" starttime="20221220 17:35:00.640" endtime="20221220 17:35:00.682"/>
</kw>
<kw name="Select From List By Label" library="SeleniumLibrary">
<arg>name:country</arg>
<arg>Iceland</arg>
<doc>Selects options from selection list ``locator`` by ``labels``.</doc>
<msg timestamp="20221220 17:35:00.683" level="INFO">Selecting options from selection list 'name:country' by label Iceland.</msg>
<status status="PASS" starttime="20221220 17:35:00.682" endtime="20221220 17:35:00.716"/>
</kw>
<kw name="Input Text" library="SeleniumLibrary">
<arg>name:city</arg>
<arg>Delhi</arg>
<doc>Types the given ``text`` into the text field identified by ``locator``.</doc>
<msg timestamp="20221220 17:35:00.716" level="INFO">Typing text 'Delhi' into text field 'name:city'.</msg>
<status status="PASS" starttime="20221220 17:35:00.716" endtime="20221220 17:35:00.753"/>
</kw>
<kw name="Input Text" library="SeleniumLibrary">
<arg>xpath://*[@id="load_form"]/fieldset[6]/input</arg>
<arg>lasseboy</arg>
<doc>Types the given ``text`` into the text field identified by ``locator``.</doc>
<msg timestamp="20221220 17:35:00.754" level="INFO">Typing text 'lasseboy' into text field 'xpath://*[@id="load_form"]/fieldset[6]/input'.</msg>
<status status="PASS" starttime="20221220 17:35:00.753" endtime="20221220 17:35:00.789"/>
</kw>
<kw name="Input Text" library="SeleniumLibrary">
<arg>xpath://*[@id="load_form"]/fieldset[7]/input</arg>
<arg>password1234</arg>
<doc>Types the given ``text`` into the text field identified by ``locator``.</doc>
<msg timestamp="20221220 17:35:00.790" level="INFO">Typing text 'password1234' into text field 'xpath://*[@id="load_form"]/fieldset[7]/input'.</msg>
<status status="PASS" starttime="20221220 17:35:00.790" endtime="20221220 17:35:00.828"/>
</kw>
<kw name="Click Button" library="SeleniumLibrary">
<arg>xpath:(//*[@id="load_form"]/div[1]/div[2]/input)[2]</arg>
<doc>Clicks the button identified by ``locator``.</doc>
<msg timestamp="20221220 17:35:00.829" level="INFO">Clicking button 'xpath:(//*[@id="load_form"]/div[1]/div[2]/input)[2]'.</msg>
<status status="PASS" starttime="20221220 17:35:00.829" endtime="20221220 17:35:00.863"/>
</kw>
<kw name="Finish Test Case" library="commons">
<kw name="Log" library="BuiltIn">
<arg>Ending the test case</arg>
<doc>Logs the given message with the given level.</doc>
<msg timestamp="20221220 17:35:00.863" level="INFO">Ending the test case</msg>
<status status="PASS" starttime="20221220 17:35:00.863" endtime="20221220 17:35:00.863"/>
</kw>
<kw name="Close Browser" library="SeleniumLibrary">
<doc>Closes the current browser.</doc>
<status status="PASS" starttime="20221220 17:35:00.863" endtime="20221220 17:35:00.952"/>
</kw>
<status status="PASS" starttime="20221220 17:35:00.863" endtime="20221220 17:35:00.952"/>
</kw>
<status status="PASS" starttime="20221220 17:34:56.049" endtime="20221220 17:35:00.952"/>
</test>
<status status="PASS" starttime="20221220 17:34:55.954" endtime="20221220 17:35:00.952"/>
</suite>
<statistics>
<total>
<stat pass="1" fail="0" skip="0">All Tests</stat>
</total>
<tag>
</tag>
<suite>
<stat pass="1" fail="0" skip="0" id="s1" name="Registration Test A">Registration Test A</stat>
</suite>
</statistics>
<errors>
</errors>
</robot>
